This is pdfTeX, Version 3.14159265-2.6-1.40.18 (TeX Live 2017/Debian) (preloaded format=pdflatex 2021.8.6)  13 AUG 2021 23:07
entering extended mode
 restricted \write18 enabled.
 %&-line parsing enabled.
**thesis.tex
(./thesis.tex
LaTeX2e <2017-04-15>
Babel <3.18> and hyphenation patterns for 3 language(s) loaded.
(/usr/share/texlive/texmf-dist/tex/latex/base/report.cls
Document Class: report 2014/09/29 v1.4h Standard LaTeX document class
(/usr/share/texlive/texmf-dist/tex/latex/base/size12.clo
File: size12.clo 2014/09/29 v1.4h Standard LaTeX file (size option)
)
\c@part=\count79
\c@chapter=\count80
\c@section=\count81
\c@subsection=\count82
\c@subsubsection=\count83
\c@paragraph=\count84
\c@subparagraph=\count85
\c@figure=\count86
\c@table=\count87
\abovecaptionskip=\skip41
\belowcaptionskip=\skip42
\bibindent=\dimen102
)
(/usr/share/texlive/texmf-dist/tex/latex/geometry/geometry.sty
Package: geometry 2010/09/12 v5.6 Page Geometry

(/usr/share/texlive/texmf-dist/tex/latex/graphics/keyval.sty
Package: keyval 2014/10/28 v1.15 key=value parser (DPC)
\KV@toks@=\toks14
)
(/usr/share/texlive/texmf-dist/tex/generic/oberdiek/ifpdf.sty
Package: ifpdf 2017/03/15 v3.2 Provides the ifpdf switch
)
(/usr/share/texlive/texmf-dist/tex/generic/oberdiek/ifvtex.sty
Package: ifvtex 2016/05/16 v1.6 Detect VTeX and its facilities (HO)
Package ifvtex Info: VTeX not detected.
)
(/usr/share/texlive/texmf-dist/tex/generic/ifxetex/ifxetex.sty
Package: ifxetex 2010/09/12 v0.6 Provides ifxetex conditional
)
\Gm@cnth=\count88
\Gm@cntv=\count89
\c@Gm@tempcnt=\count90
\Gm@bindingoffset=\dimen103
\Gm@wd@mp=\dimen104
\Gm@odd@mp=\dimen105
\Gm@even@mp=\dimen106
\Gm@layoutwidth=\dimen107
\Gm@layoutheight=\dimen108
\Gm@layouthoffset=\dimen109
\Gm@layoutvoffset=\dimen110
\Gm@dimlist=\toks15
)
(/usr/share/texlive/texmf-dist/tex/latex/graphics/graphicx.sty
Package: graphicx 2017/06/01 v1.1a Enhanced LaTeX Graphics (DPC,SPQR)

(/usr/share/texlive/texmf-dist/tex/latex/graphics/graphics.sty
Package: graphics 2017/06/25 v1.2c Standard LaTeX Graphics (DPC,SPQR)

(/usr/share/texlive/texmf-dist/tex/latex/graphics/trig.sty
Package: trig 2016/01/03 v1.10 sin cos tan (DPC)
)
(/usr/share/texlive/texmf-dist/tex/latex/graphics-cfg/graphics.cfg
File: graphics.cfg 2016/06/04 v1.11 sample graphics configuration
)
Package graphics Info: Driver file: pdftex.def on input line 99.

(/usr/share/texlive/texmf-dist/tex/latex/graphics-def/pdftex.def
File: pdftex.def 2018/01/08 v1.0l Graphics/color driver for pdftex
))
\Gin@req@height=\dimen111
\Gin@req@width=\dimen112
)
(/usr/share/texlive/texmf-dist/tex/latex/setspace/setspace.sty
Package: setspace 2011/12/19 v6.7a set line spacing
)
(/home/thamalu/texmf/tex/latex/titlesec/titlesec.sty
Package: titlesec 2016/03/21 v2.10.2 Sectioning titles
\ttl@box=\box26
\beforetitleunit=\skip43
\aftertitleunit=\skip44
\ttl@plus=\dimen113
\ttl@minus=\dimen114
\ttl@toksa=\toks16
\titlewidth=\dimen115
\titlewidthlast=\dimen116
\titlewidthfirst=\dimen117
)
(/usr/share/texlive/texmf-dist/tex/latex/tools/enumerate.sty
Package: enumerate 2015/07/23 v3.00 enumerate extensions (DPC)
\@enLab=\toks17
)
(/home/thamalu/texmf/tex/latex/enumitem/enumitem.sty
Package: enumitem 2011/09/28 v3.5.2 Customized lists
\labelindent=\skip45
\enit@outerparindent=\dimen118
\enit@toks=\toks18
\enit@inbox=\box27
\enitdp@description=\count91
)
(/usr/share/texlive/texmf-dist/tex/latex/amsmath/amsmath.sty
Package: amsmath 2017/09/02 v2.17a AMS math features
\@mathmargin=\skip46

For additional information on amsmath, use the `?' option.
(/usr/share/texlive/texmf-dist/tex/latex/amsmath/amstext.sty
Package: amstext 2000/06/29 v2.01 AMS text

(/usr/share/texlive/texmf-dist/tex/latex/amsmath/amsgen.sty
File: amsgen.sty 1999/11/30 v2.0 generic functions
\@emptytoks=\toks19
\ex@=\dimen119
))
(/usr/share/texlive/texmf-dist/tex/latex/amsmath/amsbsy.sty
Package: amsbsy 1999/11/29 v1.2d Bold Symbols
\pmbraise@=\dimen120
)
(/usr/share/texlive/texmf-dist/tex/latex/amsmath/amsopn.sty
Package: amsopn 2016/03/08 v2.02 operator names
)
\inf@bad=\count92
LaTeX Info: Redefining \frac on input line 213.
\uproot@=\count93
\leftroot@=\count94
LaTeX Info: Redefining \overline on input line 375.
\classnum@=\count95
\DOTSCASE@=\count96
LaTeX Info: Redefining \ldots on input line 472.
LaTeX Info: Redefining \dots on input line 475.
LaTeX Info: Redefining \cdots on input line 596.
\Mathstrutbox@=\box28
\strutbox@=\box29
\big@size=\dimen121
LaTeX Font Info:    Redeclaring font encoding OML on input line 712.
LaTeX Font Info:    Redeclaring font encoding OMS on input line 713.
\macc@depth=\count97
\c@MaxMatrixCols=\count98
\dotsspace@=\muskip10
\c@parentequation=\count99
\dspbrk@lvl=\count100
\tag@help=\toks20
\row@=\count101
\column@=\count102
\maxfields@=\count103
\andhelp@=\toks21
\eqnshift@=\dimen122
\alignsep@=\dimen123
\tagshift@=\dimen124
\tagwidth@=\dimen125
\totwidth@=\dimen126
\lineht@=\dimen127
\@envbody=\toks22
\multlinegap=\skip47
\multlinetaggap=\skip48
\mathdisplay@stack=\toks23
LaTeX Info: Redefining \[ on input line 2817.
LaTeX Info: Redefining \] on input line 2818.
)
(/usr/share/texlive/texmf-dist/tex/latex/amsfonts/amssymb.sty
Package: amssymb 2013/01/14 v3.01 AMS font symbols

(/usr/share/texlive/texmf-dist/tex/latex/amsfonts/amsfonts.sty
Package: amsfonts 2013/01/14 v3.01 Basic AMSFonts support
\symAMSa=\mathgroup4
\symAMSb=\mathgroup5
LaTeX Font Info:    Overwriting math alphabet `\mathfrak' in version `bold'
(Font)                  U/euf/m/n --> U/euf/b/n on input line 106.
))
(/usr/share/texlive/texmf-dist/tex/latex/fancyvrb/fancyvrb.sty
Package: fancyvrb 2008/02/07

Style option: `fancyvrb' v2.7a, with DG/SPQR fixes, and firstline=lastline fix 
<2008/02/07> (tvz)
\FV@CodeLineNo=\count104
\FV@InFile=\read1
\FV@TabBox=\box30
\c@FancyVerbLine=\count105
\FV@StepNumber=\count106
\FV@OutFile=\write3
) (/usr/share/texlive/texmf-dist/tex/latex/float/float.sty
Package: float 2001/11/08 v1.3d Float enhancements (AL)
\c@float@type=\count107
\float@exts=\toks24
\float@box=\box31
\@float@everytoks=\toks25
\@floatcapt=\box32
)
(/usr/share/texlive/texmf-dist/tex/latex/hyperref/hyperref.sty
Package: hyperref 2018/02/06 v6.86b Hypertext links for LaTeX

(/usr/share/texlive/texmf-dist/tex/generic/oberdiek/hobsub-hyperref.sty
Package: hobsub-hyperref 2016/05/16 v1.14 Bundle oberdiek, subset hyperref (HO)


(/usr/share/texlive/texmf-dist/tex/generic/oberdiek/hobsub-generic.sty
Package: hobsub-generic 2016/05/16 v1.14 Bundle oberdiek, subset generic (HO)
Package: hobsub 2016/05/16 v1.14 Construct package bundles (HO)
Package: infwarerr 2016/05/16 v1.4 Providing info/warning/error messages (HO)
Package: ltxcmds 2016/05/16 v1.23 LaTeX kernel commands for general use (HO)
Package: ifluatex 2016/05/16 v1.4 Provides the ifluatex switch (HO)
Package ifluatex Info: LuaTeX not detected.
Package hobsub Info: Skipping package `ifvtex' (already loaded).
Package: intcalc 2016/05/16 v1.2 Expandable calculations with integers (HO)
Package hobsub Info: Skipping package `ifpdf' (already loaded).
Package: etexcmds 2016/05/16 v1.6 Avoid name clashes with e-TeX commands (HO)
Package etexcmds Info: Could not find \expanded.
(etexcmds)             That can mean that you are not using pdfTeX 1.50 or
(etexcmds)             that some package has redefined \expanded.
(etexcmds)             In the latter case, load this package earlier.
Package: kvsetkeys 2016/05/16 v1.17 Key value parser (HO)
Package: kvdefinekeys 2016/05/16 v1.4 Define keys (HO)
Package: pdftexcmds 2018/01/21 v0.26 Utility functions of pdfTeX for LuaTeX (HO
)
Package pdftexcmds Info: LuaTeX not detected.
Package pdftexcmds Info: \pdf@primitive is available.
Package pdftexcmds Info: \pdf@ifprimitive is available.
Package pdftexcmds Info: \pdfdraftmode found.
Package: pdfescape 2016/05/16 v1.14 Implements pdfTeX's escape features (HO)
Package: bigintcalc 2016/05/16 v1.4 Expandable calculations on big integers (HO
)
Package: bitset 2016/05/16 v1.2 Handle bit-vector datatype (HO)
Package: uniquecounter 2016/05/16 v1.3 Provide unlimited unique counter (HO)
)
Package hobsub Info: Skipping package `hobsub' (already loaded).
Package: letltxmacro 2016/05/16 v1.5 Let assignment for LaTeX macros (HO)
Package: hopatch 2016/05/16 v1.3 Wrapper for package hooks (HO)
Package: xcolor-patch 2016/05/16 xcolor patch
Package: atveryend 2016/05/16 v1.9 Hooks at the very end of document (HO)
Package atveryend Info: \enddocument detected (standard20110627).
Package: atbegshi 2016/06/09 v1.18 At begin shipout hook (HO)
Package: refcount 2016/05/16 v3.5 Data extraction from label references (HO)
Package: hycolor 2016/05/16 v1.8 Color options for hyperref/bookmark (HO)
)
(/usr/share/texlive/texmf-dist/tex/latex/oberdiek/auxhook.sty
Package: auxhook 2016/05/16 v1.4 Hooks for auxiliary files (HO)
)
(/usr/share/texlive/texmf-dist/tex/latex/oberdiek/kvoptions.sty
Package: kvoptions 2016/05/16 v3.12 Key value format for package options (HO)
)
\@linkdim=\dimen128
\Hy@linkcounter=\count108
\Hy@pagecounter=\count109

(/usr/share/texlive/texmf-dist/tex/latex/hyperref/pd1enc.def
File: pd1enc.def 2018/02/06 v6.86b Hyperref: PDFDocEncoding definition (HO)
)
\Hy@SavedSpaceFactor=\count110

(/usr/share/texlive/texmf-dist/tex/latex/latexconfig/hyperref.cfg
File: hyperref.cfg 2002/06/06 v1.2 hyperref configuration of TeXLive
)
Package hyperref Info: Hyper figures OFF on input line 4509.
Package hyperref Info: Link nesting OFF on input line 4514.
Package hyperref Info: Hyper index ON on input line 4517.
Package hyperref Info: Plain pages OFF on input line 4524.
Package hyperref Info: Backreferencing OFF on input line 4529.
Package hyperref Info: Implicit mode ON; LaTeX internals redefined.
Package hyperref Info: Bookmarks ON on input line 4762.
\c@Hy@tempcnt=\count111

(/usr/share/texlive/texmf-dist/tex/latex/url/url.sty
\Urlmuskip=\muskip11
Package: url 2013/09/16  ver 3.4  Verb mode for urls, etc.
)
LaTeX Info: Redefining \url on input line 5115.
\XeTeXLinkMargin=\dimen129
\Fld@menulength=\count112
\Field@Width=\dimen130
\Fld@charsize=\dimen131
Package hyperref Info: Hyper figures OFF on input line 6369.
Package hyperref Info: Link nesting OFF on input line 6374.
Package hyperref Info: Hyper index ON on input line 6377.
Package hyperref Info: backreferencing OFF on input line 6384.
Package hyperref Info: Link coloring OFF on input line 6389.
Package hyperref Info: Link coloring with OCG OFF on input line 6394.
Package hyperref Info: PDF/A mode OFF on input line 6399.
LaTeX Info: Redefining \ref on input line 6439.
LaTeX Info: Redefining \pageref on input line 6443.
\Hy@abspage=\count113
\c@Item=\count114
\c@Hfootnote=\count115
)
Package hyperref Info: Driver (autodetected): hpdftex.

(/usr/share/texlive/texmf-dist/tex/latex/hyperref/hpdftex.def
File: hpdftex.def 2018/02/06 v6.86b Hyperref driver for pdfTeX
\Fld@listcount=\count116
\c@bookmark@seq@number=\count117

(/usr/share/texlive/texmf-dist/tex/latex/oberdiek/rerunfilecheck.sty
Package: rerunfilecheck 2016/05/16 v1.8 Rerun checks for auxiliary files (HO)
Package uniquecounter Info: New unique counter `rerunfilecheck' on input line 2
82.
)
\Hy@SectionHShift=\skip49
)
(/home/thamalu/texmf/tex/latex/tabulary/tabulary.sty
Package: tabulary 2014/06/11 v0.10 tabulary package (DPC)

(/usr/share/texlive/texmf-dist/tex/latex/tools/array.sty
Package: array 2016/10/06 v2.4d Tabular extension package (FMi)
\col@sep=\dimen132
\extrarowheight=\dimen133
\NC@list=\toks26
\extratabsurround=\skip50
\backup@length=\skip51
)
\TY@count=\count118
\TY@linewidth=\dimen134
\tymin=\dimen135
\tymax=\dimen136
\TY@tablewidth=\dimen137
)
(/usr/share/texlive/texmf-dist/tex/latex/tools/multicol.sty
Package: multicol 2017/04/11 v1.8q multicolumn formatting (FMi)
\c@tracingmulticols=\count119
\mult@box=\box33
\multicol@leftmargin=\dimen138
\c@unbalance=\count120
\c@collectmore=\count121
\doublecol@number=\count122
\multicoltolerance=\count123
\multicolpretolerance=\count124
\full@width=\dimen139
\page@free=\dimen140
\premulticols=\dimen141
\postmulticols=\dimen142
\multicolsep=\skip52
\multicolbaselineskip=\skip53
\partial@page=\box34
\last@line=\box35
\maxbalancingoverflow=\dimen143
\mult@rightbox=\box36
\mult@grightbox=\box37
\mult@gfirstbox=\box38
\mult@firstbox=\box39
\@tempa=\box40
\@tempa=\box41
\@tempa=\box42
\@tempa=\box43
\@tempa=\box44
\@tempa=\box45
\@tempa=\box46
\@tempa=\box47
\@tempa=\box48
\@tempa=\box49
\@tempa=\box50
\@tempa=\box51
\@tempa=\box52
\@tempa=\box53
\@tempa=\box54
\@tempa=\box55
\@tempa=\box56
\c@columnbadness=\count125
\c@finalcolumnbadness=\count126
\last@try=\dimen144
\multicolovershoot=\dimen145
\multicolundershoot=\dimen146
\mult@nat@firstbox=\box57
\colbreak@box=\box58
\mc@col@check@num=\count127
)
(/usr/share/texlive/texmf-dist/tex/latex/psnfss/times.sty
Package: times 2005/04/12 PSNFSS-v9.2a (SPQR) 
)
(/usr/share/texlive/texmf-dist/tex/latex/graphics/epsfig.sty
Package: epsfig 2017/06/25 v1.7b (e)psfig emulation (SPQR)
\epsfxsize=\dimen147
\epsfysize=\dimen148
) (./defs.tex
(/usr/share/texlive/texmf-dist/tex/latex/caption/caption.sty
Package: caption 2016/02/21 v3.3-144 Customizing captions (AR)

(/usr/share/texlive/texmf-dist/tex/latex/caption/caption3.sty
Package: caption3 2016/05/22 v1.7-166 caption3 kernel (AR)
Package caption3 Info: TeX engine: e-TeX on input line 67.
\captionmargin=\dimen149
\captionmargin@=\dimen150
\captionwidth=\dimen151
\caption@tempdima=\dimen152
\caption@indent=\dimen153
\caption@parindent=\dimen154
\caption@hangindent=\dimen155
)
\c@ContinuedFloat=\count128
Package caption Info: float package is loaded.
Package caption Info: hyperref package is loaded.
)
(/usr/share/texlive/texmf-dist/tex/latex/caption/subcaption.sty
Package: subcaption 2016/05/22 v1.1-161 Sub-captions (AR)
\c@subfigure=\count129
\c@subtable=\count130
)
(/usr/share/texlive/texmf-dist/tex/latex/tools/tabularx.sty
Package: tabularx 2016/02/03 v2.11 `tabularx' package (DPC)
\TX@col@width=\dimen156
\TX@old@table=\dimen157
\TX@old@col=\dimen158
\TX@target=\dimen159
\TX@delta=\dimen160
\TX@cols=\count131
\TX@ftn=\toks27
)
(/home/thamalu/texmf/tex/latex/multirow/multirow.sty
Package: multirow 2016/11/25 v2.2 Span multiple rows of a table
\multirow@colwidth=\skip54
\multirow@cntb=\count132
\multirow@dima=\skip55
\bigstrutjot=\dimen161
)
(/home/thamalu/texmf/tex/latex/algorithms/algorithm.sty
Package: algorithm 2009/08/24 v0.1 Document Style `algorithm' - floating enviro
nment

(/usr/share/texlive/texmf-dist/tex/latex/base/ifthen.sty
Package: ifthen 2014/09/29 v1.1c Standard LaTeX ifthen package (DPC)
)
\@float@every@algorithm=\toks28
\c@algorithm=\count133
)
(/home/thamalu/texmf/tex/latex/algorithmicx/algpseudocode.sty
Package: algpseudocode 

(/home/thamalu/texmf/tex/latex/algorithmicx/algorithmicx.sty
Package: algorithmicx 2005/04/27 v1.2 Algorithmicx

Document Style algorithmicx 1.2 - a greatly improved `algorithmic' style
\c@ALG@line=\count134
\c@ALG@rem=\count135
\c@ALG@nested=\count136
\ALG@tlm=\skip56
\ALG@thistlm=\skip57
\c@ALG@Lnr=\count137
\c@ALG@blocknr=\count138
\c@ALG@storecount=\count139
\c@ALG@tmpcounter=\count140
\ALG@tmplength=\skip58
)
Document Style - pseudocode environments for use with the `algorithmicx' style
) (/usr/share/texlive/texmf-dist/tex/latex/amscls/amsthm.sty
Package: amsthm 2017/10/31 v2.20.4
\thm@style=\toks29
\thm@bodyfont=\toks30
\thm@headfont=\toks31
\thm@notefont=\toks32
\thm@headpunct=\toks33
\thm@preskip=\skip59
\thm@postskip=\skip60
\thm@headsep=\skip61
\dth@everypar=\toks34
)
\c@thm=\count141
) (./thesis.aux
(./chapters/Title.aux) (./chapters/Signatures.aux) (./chapters/Declaration.aux)
(./chapters/Declaration_Supervisor.aux) (./chapters/Abstract.aux)
(./chapters/Dedication.aux) (./chapters/Acknowledgements.aux)
(./chapters/Acronyms.aux) (./chapters/Introduction.aux)
(./chapters/Methodology.aux) (./chapters/Results.aux

LaTeX Warning: Label `fig:hysterisis' multiply defined.

) (./chapters/Conclusion.aux) (./chapters/References.aux)
(./chapters/Appendix.aux))
\openout1 = `thesis.aux'.

LaTeX Font Info:    Checking defaults for OML/cmm/m/it on input line 65.
LaTeX Font Info:    ... okay on input line 65.
LaTeX Font Info:    Checking defaults for T1/cmr/m/n on input line 65.
LaTeX Font Info:    ... okay on input line 65.
LaTeX Font Info:    Checking defaults for OT1/cmr/m/n on input line 65.
LaTeX Font Info:    ... okay on input line 65.
LaTeX Font Info:    Checking defaults for OMS/cmsy/m/n on input line 65.
LaTeX Font Info:    ... okay on input line 65.
LaTeX Font Info:    Checking defaults for OMX/cmex/m/n on input line 65.
LaTeX Font Info:    ... okay on input line 65.
LaTeX Font Info:    Checking defaults for U/cmr/m/n on input line 65.
LaTeX Font Info:    ... okay on input line 65.
LaTeX Font Info:    Checking defaults for PD1/pdf/m/n on input line 65.
LaTeX Font Info:    ... okay on input line 65.
LaTeX Font Info:    Try loading font information for OT1+ptm on input line 65.

(/usr/share/texlive/texmf-dist/tex/latex/psnfss/ot1ptm.fd
File: ot1ptm.fd 2001/06/04 font definitions for OT1/ptm.
)
*geometry* driver: auto-detecting
*geometry* detected driver: pdftex
*geometry* verbose mode - [ preamble ] result:
* driver: pdftex
* paper: letterpaper
* layout: <same size as paper>
* layoutoffset:(h,v)=(0.0pt,0.0pt)
* modes: 
* h-part:(L,W,R)=(108.405pt, 433.62001pt, 72.26999pt)
* v-part:(T,H,B)=(72.26999pt, 650.43001pt, 72.26999pt)
* \paperwidth=614.295pt
* \paperheight=794.96999pt
* \textwidth=433.62001pt
* \textheight=650.43001pt
* \oddsidemargin=36.13501pt
* \evensidemargin=36.13501pt
* \topmargin=-37.0pt
* \headheight=12.0pt
* \headsep=25.0pt
* \topskip=12.0pt
* \footskip=30.0pt
* \marginparwidth=44.0pt
* \marginparsep=10.0pt
* \columnsep=10.0pt
* \skip\footins=14.22636pt
* \hoffset=0.0pt
* \voffset=0.0pt
* \mag=1000
* \@twocolumnfalse
* \@twosidefalse
* \@mparswitchfalse
* \@reversemarginfalse
* (1in=72.27pt=25.4mm, 1cm=28.453pt)

(/usr/share/texlive/texmf-dist/tex/context/base/mkii/supp-pdf.mkii
[Loading MPS to PDF converter (version 2006.09.02).]
\scratchcounter=\count142
\scratchdimen=\dimen162
\scratchbox=\box59
\nofMPsegments=\count143
\nofMParguments=\count144
\everyMPshowfont=\toks35
\MPscratchCnt=\count145
\MPscratchDim=\dimen163
\MPnumerator=\count146
\makeMPintoPDFobject=\count147
\everyMPtoPDFconversion=\toks36
) (/usr/share/texlive/texmf-dist/tex/latex/oberdiek/epstopdf-base.sty
Package: epstopdf-base 2016/05/15 v2.6 Base part for package epstopdf

(/usr/share/texlive/texmf-dist/tex/latex/oberdiek/grfext.sty
Package: grfext 2016/05/16 v1.2 Manage graphics extensions (HO)
)
Package epstopdf-base Info: Redefining graphics rule for `.eps' on input line 4
38.
Package grfext Info: Graphics extension search list:
(grfext)             [.pdf,.png,.jpg,.mps,.jpeg,.jbig2,.jb2,.PDF,.PNG,.JPG,.JPE
G,.JBIG2,.JB2,.eps]
(grfext)             \AppendGraphicsExtensions on input line 456.

(/usr/share/texlive/texmf-dist/tex/latex/latexconfig/epstopdf-sys.cfg
File: epstopdf-sys.cfg 2010/07/13 v1.3 Configuration of (r)epstopdf for TeX Liv
e
))
\AtBeginShipoutBox=\box60
Package hyperref Info: Link coloring OFF on input line 65.

(/usr/share/texlive/texmf-dist/tex/latex/hyperref/nameref.sty
Package: nameref 2016/05/21 v2.44 Cross-referencing by name of section

(/usr/share/texlive/texmf-dist/tex/generic/oberdiek/gettitlestring.sty
Package: gettitlestring 2016/05/16 v1.5 Cleanup title references (HO)
)
\c@section@level=\count148
)
LaTeX Info: Redefining \ref on input line 65.
LaTeX Info: Redefining \pageref on input line 65.
LaTeX Info: Redefining \nameref on input line 65.

(./thesis.out) (./thesis.out)
\@outlinefile=\write4
\openout4 = `thesis.out'.

Package caption Info: Begin \AtBeginDocument code.
Package caption Info: End \AtBeginDocument code.
\openout2 = `chapters/Title.aux'.

 (./chapters/Title.tex
LaTeX Font Info:    Font shape `OT1/ptm/bx/n' in size <14.4> not available
(Font)              Font shape `OT1/ptm/b/n' tried instead on input line 5.
 [1


{/var/lib/texmf/fonts/map/pdftex/updmap/pdftex.map}])
\openout2 = `chapters/Signatures.aux'.

 (./chapters/Signatures.tex) [1


]
\openout2 = `chapters/Declaration.aux'.


(./chapters/Declaration.tex
LaTeX Font Info:    Font shape `OT1/ptm/bx/n' in size <17.28> not available
(Font)              Font shape `OT1/ptm/b/n' tried instead on input line 1.
LaTeX Font Info:    Font shape `OT1/ptm/bx/n' in size <12> not available
(Font)              Font shape `OT1/ptm/b/n' tried instead on input line 8.
LaTeX Font Info:    Try loading font information for OMS+ptm on input line 12.

(/usr/share/texlive/texmf-dist/tex/latex/psnfss/omsptm.fd
File: omsptm.fd 
)
LaTeX Font Info:    Font shape `OMS/ptm/m/n' in size <12> not available
(Font)              Font shape `OMS/cmsy/m/n' tried instead on input line 12.
) [2



]
\openout2 = `chapters/Declaration_Supervisor.aux'.


(./chapters/Declaration_Supervisor.tex) [3



]
\openout2 = `chapters/Abstract.aux'.

 (./chapters/Abstract.tex
Underfull \hbox (badness 10000) in paragraph at lines 14--15

 []

Missing character: There is no Â in font ptmr7t!
Missing character: There is no   in font ptmr7t!
Missing character: There is no Â in font ptmr7t!
Missing character: There is no   in font ptmr7t!
) [4



] [5]
\openout2 = `chapters/Dedication.aux'.

 (./chapters/Dedication.tex) [6



]
\openout2 = `chapters/Acknowledgements.aux'.

 (./chapters/Acknowledgements.tex
Missing character: There is no Â in font ptmr7t!
Missing character: There is no   in font ptmr7t!
)
[7



] (./thesis.toc
LaTeX Font Info:    Try loading font information for U+msa on input line 9.
 (/usr/share/texlive/texmf-dist/tex/latex/amsfonts/umsa.fd
File: umsa.fd 2013/01/14 v3.01 AMS symbols A
)
LaTeX Font Info:    Try loading font information for U+msb on input line 9.

(/usr/share/texlive/texmf-dist/tex/latex/amsfonts/umsb.fd
File: umsb.fd 2013/01/14 v3.01 AMS symbols B
) [8


])
\tf@toc=\write5
\openout5 = `thesis.toc'.

 [9]
(./thesis.lof)
\tf@lof=\write6
\openout6 = `thesis.lof'.

 [10

] (./thesis.lot)
\tf@lot=\write7
\openout7 = `thesis.lot'.

 [11

]
\openout2 = `chapters/Acronyms.aux'.

 (./chapters/Acronyms.tex) [12


]
\openout2 = `chapters/Introduction.aux'.


(./chapters/Introduction.tex
Chapter 1.
(./figs/pressure-sore-stages.tex
<figs/pressure-sore-stages.jpg, id=296, 468.75125pt x 472.76625pt>
File: figs/pressure-sore-stages.jpg Graphic file (type jpg)
<use figs/pressure-sore-stages.jpg>
Package pdftex.def Info: figs/pressure-sore-stages.jpg  used on input line 4.
(pdftex.def)             Requested size: 216.81pt x 218.66539pt.
) (./figs/reswick-rojers.tex
<figs/reswick_rojers.jpg, id=301, 429.605pt x 299.1175pt>
File: figs/reswick_rojers.jpg Graphic file (type jpg)
<use figs/reswick_rojers.jpg>
Package pdftex.def Info: figs/reswick_rojers.jpg  used on input line 4.
(pdftex.def)             Requested size: 303.53267pt x 211.33884pt.
)
(./figs/ulceration_points.tex
<figs/ulceration-points.jpg, id=307, 279.0425pt x 181.67876pt>
File: figs/ulceration-points.jpg Graphic file (type jpg)
<use figs/ulceration-points.jpg>
Package pdftex.def Info: figs/ulceration-points.jpg  used on input line 4.
(pdftex.def)             Requested size: 216.81pt x 141.1655pt.
)pdfTeX warning (ext4): destination with the same identifier (name{page.1}) has
 been already used, duplicate ignored
<to be read again> 
                   \relax 
l.16 
      [1



] [2 <./figs/pressure-sore-stages.jpg>] [3 <./figs/reswick_rojers.jpg> <./figs/
ulceration-points.jpg>]) [4] [5]
\openout2 = `chapters/Methodology.aux'.

 (./chapters/Methodology.tex
Chapter 2.
[6



] (./figs/component-diagram.tex
<figs/component-diagram.png, id=375, 1371.1225pt x 770.88pt>
File: figs/component-diagram.png Graphic file (type png)
<use figs/component-diagram.png>
Package pdftex.def Info: figs/component-diagram.png  used on input line 4.
(pdftex.def)             Requested size: 216.81pt x 121.89651pt.
)
LaTeX Font Info:    Font shape `OMS/ptm/m/n' in size <8> not available
(Font)              Font shape `OMS/cmsy/m/n' tried instead on input line 36.
 (./figs/functional_block.tex
<figs/functional_block.png, id=378, 1371.1225pt x 541.02126pt>
File: figs/functional_block.png Graphic file (type png)
<use figs/functional_block.png>
Package pdftex.def Info: figs/functional_block.png  used on input line 4.
(pdftex.def)             Requested size: 390.25536pt x 153.98627pt.
) [7 <./figs/component-diagram.png>] [8 <./figs/functional_block.png>] [9]
(./figs/posturemodel.tex
<figs/posturemodel.png, id=400, 505.89pt x 1295.84125pt>
File: figs/posturemodel.png Graphic file (type png)
<use figs/posturemodel.png>
Package pdftex.def Info: figs/posturemodel.png  used on input line 4.
(pdftex.def)             Requested size: 130.08733pt x 333.21324pt.
) [10 <./figs/posturemodel.png>]
(./figs/ulceration-point.tex
<figs/ulceration_point.png, id=407, 932.48375pt x 1295.84125pt>
File: figs/ulceration_point.png Graphic file (type png)
<use figs/ulceration_point.png>
Package pdftex.def Info: figs/ulceration_point.png  used on input line 4.
(pdftex.def)             Requested size: 260.17465pt x 361.54784pt.
) [11 <./figs/ulceration_point.png>]
(./figs/schedule.tex
<figs/schedule.png, id=415, 1364.09625pt x 438.63875pt>
File: figs/schedule.png Graphic file (type png)
<use figs/schedule.png>
Package pdftex.def Info: figs/schedule.png  used on input line 4.
(pdftex.def)             Requested size: 433.62001pt x 139.43692pt.
) [12 <./figs/schedule.png>]
Underfull \hbox (badness 10000) in paragraph at lines 158--164

 []

[13] [14] [15] (./figs/mobileapp.tex
<figs/mobapp/img1.jpeg, id=441, 542.025pt x 1174.3875pt>
File: figs/mobapp/img1.jpeg Graphic file (type jpg)
<use figs/mobapp/img1.jpeg>
Package pdftex.def Info: figs/mobapp/img1.jpeg  used on input line 4.
(pdftex.def)             Requested size: 54.2025pt x 117.4277pt.
<figs/mobapp/img2.jpeg, id=442, 542.025pt x 1174.3875pt>
File: figs/mobapp/img2.jpeg Graphic file (type jpg)
<use figs/mobapp/img2.jpeg>
Package pdftex.def Info: figs/mobapp/img2.jpeg  used on input line 11.
(pdftex.def)             Requested size: 54.2025pt x 117.4277pt.
<figs/mobapp/img3.jpeg, id=443, 542.025pt x 1174.3875pt>
File: figs/mobapp/img3.jpeg Graphic file (type jpg)
<use figs/mobapp/img3.jpeg>
Package pdftex.def Info: figs/mobapp/img3.jpeg  used on input line 18.
(pdftex.def)             Requested size: 54.2025pt x 117.4277pt.
<figs/mobapp/img7.jpeg, id=444, 542.025pt x 1174.3875pt>
File: figs/mobapp/img7.jpeg Graphic file (type jpg)
<use figs/mobapp/img7.jpeg>
Package pdftex.def Info: figs/mobapp/img7.jpeg  used on input line 25.
(pdftex.def)             Requested size: 54.2025pt x 117.4277pt.
<figs/mobapp/img5.jpeg, id=445, 740.7675pt x 1606.0pt>
File: figs/mobapp/img5.jpeg Graphic file (type jpg)
<use figs/mobapp/img5.jpeg>
Package pdftex.def Info: figs/mobapp/img5.jpeg  used on input line 32.
(pdftex.def)             Requested size: 54.2025pt x 117.50414pt.
<figs/mobapp/img8.jpeg, id=446, 740.7675pt x 1606.0pt>
File: figs/mobapp/img8.jpeg Graphic file (type jpg)
<use figs/mobapp/img8.jpeg>
Package pdftex.def Info: figs/mobapp/img8.jpeg  used on input line 39.
(pdftex.def)             Requested size: 54.2025pt x 117.50414pt.
<figs/mobapp/img4.jpeg, id=447, 542.025pt x 1174.3875pt>
File: figs/mobapp/img4.jpeg Graphic file (type jpg)
<use figs/mobapp/img4.jpeg>
Package pdftex.def Info: figs/mobapp/img4.jpeg  used on input line 46.
(pdftex.def)             Requested size: 54.2025pt x 117.4277pt.
) (./figs/utm.tex
<figs/utm.jpg, id=451, 961.5925pt x 1284.8pt>
File: figs/utm.jpg Graphic file (type jpg)
<use figs/utm.jpg>
Package pdftex.def Info: figs/utm.jpg  used on input line 4.
(pdftex.def)             Requested size: 216.81pt x 289.67526pt.
) (./figs/deadweight.tex
<figs/deadweight.jpg, id=453, 770.88pt x 1027.84pt>
File: figs/deadweight.jpg Graphic file (type jpg)
<use figs/deadweight.jpg>
Package pdftex.def Info: figs/deadweight.jpg  used on input line 4.
(pdftex.def)             Requested size: 216.81pt x 289.07928pt.
)
[16 <./figs/mobapp/img1.jpeg> <./figs/mobapp/img2.jpeg> <./figs/mobapp/img3.jpe
g> <./figs/mobapp/img7.jpeg> <./figs/mobapp/img5.jpeg> <./figs/mobapp/img8.jpeg
> <./figs/mobapp/img4.jpeg>] [17 <./figs/utm.jpg> <./figs/deadweight.jpg>]
(./figs/pressure_mat.tex
<figs/pressure_mat.png, id=467, 778.91pt x 573.14125pt>
File: figs/pressure_mat.png Graphic file (type png)
<use figs/pressure_mat.png>
Package pdftex.def Info: figs/pressure_mat.png  used on input line 4.
(pdftex.def)             Requested size: 216.81pt x 159.53395pt.
)) [18 <./figs/pressure_mat.png>]
\openout2 = `chapters/Results.aux'.


(./chapters/Results.tex
Chapter 3.
(./figs/ascending_descending.tex
<figs/ascending_descending.png, id=476, 1424.32124pt x 1606.0pt>
File: figs/ascending_descending.png Graphic file (type png)
<use figs/ascending_descending.png>
Package pdftex.def Info: figs/ascending_descending.png  used on input line 4.
(pdftex.def)             Requested size: 216.81pt x 244.44292pt.
)
Missing character: There is no Â in font ptmr7t!
Missing character: There is no   in font ptmr7t!
 (./figs/velostat_layers.tex
<figs/one_layer.png, id=480, 1396.21625pt x 1606.0pt>
File: figs/one_layer.png Graphic file (type png)
<use figs/one_layer.png>
Package pdftex.def Info: figs/one_layer.png  used on input line 4.
(pdftex.def)             Requested size: 173.44534pt x 199.49973pt.
<figs/two_layer.png, id=481, 1396.21625pt x 1606.0pt>
File: figs/two_layer.png Graphic file (type png)
<use figs/two_layer.png>
Package pdftex.def Info: figs/two_layer.png  used on input line 11.
(pdftex.def)             Requested size: 173.44534pt x 199.49973pt.
)
(./figs/mat_frames.tex
<figs/mat_frames.png, id=483, 1260.71pt x 458.71375pt>
File: figs/mat_frames.png Graphic file (type png)
<use figs/mat_frames.png>
Package pdftex.def Info: figs/mat_frames.png  used on input line 4.
(pdftex.def)             Requested size: 433.62001pt x 157.77345pt.
) (./figs/ml_result.tex
<figs/ml_result.png, id=485, 1371.1225pt x 638.385pt>
File: figs/ml_result.png Graphic file (type png)
<use figs/ml_result.png>
Package pdftex.def Info: figs/ml_result.png  used on input line 4.
(pdftex.def)             Requested size: 433.62001pt x 201.89108pt.
) (./figs/simulation.tex
<figs/simulation.png, id=487, 1261.71375pt x 451.6875pt>
File: figs/simulation.png Graphic file (type png)
<use figs/simulation.png>
Package pdftex.def Info: figs/simulation.png  used on input line 4.
(pdftex.def)             Requested size: 433.62001pt x 155.23273pt.
)
LaTeX Font Info:    Try loading font information for OT1+pcr on input line 23.

(/usr/share/texlive/texmf-dist/tex/latex/psnfss/ot1pcr.fd
File: ot1pcr.fd 2001/06/04 font definitions for OT1/pcr.
)
Overfull \hbox (18.18588pt too wide) in paragraph at lines 25--26
[][]$\OT1/pcr/m/n/12 https : / / documenter . getpostman . com / view / 1364758
6 /
 []

[19



]) [20] [21 <./figs/ascending_descending.png> <./figs/one_layer.png> <./figs/tw
o_layer.png>] [22 <./figs/mat_frames.png> <./figs/ml_result.png> <./figs/simula
tion.png>]
\openout2 = `chapters/Conclusion.aux'.

 (./chapters/Conclusion.tex
Chapter 4.
) [23



]
\openout2 = `chapters/References.aux'.

 (./chapters/References.tex (./thesis.bbl [24



]
Missing character: There is no â in font ptmr7t!
Missing character: There is no € in font ptmr7t!
Missing character: There is no ™ in font ptmr7t!
)) [25]
\openout2 = `chapters/Appendix.aux'.


(./chapters/Appendix.tex [26



] (./figs/schematic1.tex

pdfTeX warning: pdflatex (file ./figs/schematic1.pdf): PDF inclusion: found PDF
 version <1.7>, but at most version <1.5> allowed
<figs/schematic1.pdf, id=546, 1194.98447pt x 845.07724pt>
File: figs/schematic1.pdf Graphic file (type pdf)
<use figs/schematic1.pdf>
Package pdftex.def Info: figs/schematic1.pdf  used on input line 4.
(pdftex.def)             Requested size: 520.34598pt x 367.99248pt.
)) [27

 <./figs/schematic1.pdf>]
Package atveryend Info: Empty hook `BeforeClearDocument' on input line 112.
Package atveryend Info: Empty hook `AfterLastShipout' on input line 112.
 (./thesis.aux (./chapters/Title.aux)
(./chapters/Signatures.aux) (./chapters/Declaration.aux)
(./chapters/Declaration_Supervisor.aux) (./chapters/Abstract.aux)
(./chapters/Dedication.aux) (./chapters/Acknowledgements.aux)
(./chapters/Acronyms.aux) (./chapters/Introduction.aux)
(./chapters/Methodology.aux) (./chapters/Results.aux)
(./chapters/Conclusion.aux) (./chapters/References.aux)
(./chapters/Appendix.aux))
Package atveryend Info: Executing hook `AtVeryEndDocument' on input line 112.
Package atveryend Info: Executing hook `AtEndAfterFileList' on input line 112.
Package rerunfilecheck Info: File `thesis.out' has not changed.
(rerunfilecheck)             Checksum: 027FB5B3921D09807B85A4E174ACEB8C;2567.


LaTeX Warning: There were multiply-defined labels.

Package atveryend Info: Empty hook `AtVeryVeryEnd' on input line 112.
 ) 
Here is how much of TeX's memory you used:
 10093 strings out of 494923
 151144 string characters out of 6180743
 252847 words of memory out of 5000000
 12935 multiletter control sequences out of 15000+600000
 23361 words of font info for 55 fonts, out of 8000000 for 9000
 14 hyphenation exceptions out of 8191
 38i,10n,41p,2682b,463s stack positions out of 5000i,500n,10000p,200000b,80000s
{/usr/share/texlive/texmf-dist/fonts/enc/dvips/base/8r.enc}</usr/share/texliv
e/texmf-dist/fonts/type1/public/amsfonts/cm/cmex10.pfb></usr/share/texlive/texm
f-dist/fonts/type1/public/amsfonts/cm/cmmi12.pfb></usr/share/texlive/texmf-dist
/fonts/type1/public/amsfonts/cm/cmmi6.pfb></usr/share/texlive/texmf-dist/fonts/
type1/public/amsfonts/cm/cmmi8.pfb></usr/share/texlive/texmf-dist/fonts/type1/p
ublic/amsfonts/cm/cmr12.pfb></usr/share/texlive/texmf-dist/fonts/type1/public/a
msfonts/cm/cmr6.pfb></usr/share/texlive/texmf-dist/fonts/type1/public/amsfonts/
cm/cmr8.pfb></usr/share/texlive/texmf-dist/fonts/type1/public/amsfonts/cm/cmsy1
0.pfb></usr/share/texlive/texmf-dist/fonts/type1/public/amsfonts/cm/cmsy8.pfb><
/usr/share/texlive/texmf-dist/fonts/type1/urw/courier/ucrr8a.pfb></usr/share/te
xlive/texmf-dist/fonts/type1/urw/times/utmb8a.pfb></usr/share/texlive/texmf-dis
t/fonts/type1/urw/times/utmr8a.pfb></usr/share/texlive/texmf-dist/fonts/type1/u
rw/times/utmri8a.pfb>
Output written on thesis.pdf (40 pages, 3025479 bytes).
PDF statistics:
 639 PDF objects out of 1000 (max. 8388607)
 540 compressed objects within 6 object streams
 145 named destinations out of 1000 (max. 500000)
 438 words of extra memory for PDF output out of 10000 (max. 10000000)

